02/08/2005 12:39:04 a.m. Msg: 1025 W: 756 L: 8
02/08/2005 12:39:04 a.m. EventoSockAccept NewIndex: 1 NuevoSock: 868 IP: 127.0.0.1
02/08/2005 12:39:04 a.m. Msg: 1025 W: 868 L: 1
02/08/2005 12:39:04 a.m. Msg: 1025 W: 868 L: 1
02/08/2005 12:39:07 a.m. Msg: 1025 W: 868 L: 1
02/08/2005 12:39:08 a.m. Msg: 1025 W: 868 L: 1
02/08/2005 12:39:08 a.m. Msg: 1025 W: 868 L: 1
02/08/2005 12:39:08 a.m. Msg: 1025 W: 868 L: 1
02/08/2005 12:39:08 a.m. Msg: 1025 W: 868 L: 1
02/08/2005 12:39:09 a.m. Msg: 1025 W: 868 L: 1
02/08/2005 12:39:09 a.m. Msg: 1025 W: 868 L: 1
02/08/2005 12:39:10 a.m. Msg: 1025 W: 868 L: 1
02/08/2005 12:39:11 a.m. Msg: 1025 W: 868 L: 32
02/08/2005 12:39:11 a.m. WndProc:FD_CLOSE:N=-1:Err=0
02/08/2005 12:39:15 a.m. Msg: 1025 W: 756 L: 8
02/08/2005 12:39:15 a.m. EventoSockAccept NewIndex: 1 NuevoSock: 864 IP: 127.0.0.1
02/08/2005 12:39:15 a.m. Msg: 1025 W: 864 L: 1
02/08/2005 12:39:15 a.m. Msg: 1025 W: 864 L: 1
02/08/2005 12:39:17 a.m. Msg: 1025 W: 864 L: 1
02/08/2005 12:39:17 a.m. Msg: 1025 W: 864 L: 1
02/08/2005 12:39:18 a.m. Msg: 1025 W: 864 L: 1
02/08/2005 12:39:19 a.m. Msg: 1025 W: 864 L: 1
02/08/2005 12:39:22 a.m. Msg: 1025 W: 864 L: 1
02/08/2005 12:39:23 a.m. Msg: 1025 W: 864 L: 32
02/08/2005 12:39:23 a.m. WndProc:FD_CLOSE:N=-1:Err=0
02/08/2005 12:39:31 a.m. LimpiaWsApi
04/08/2005 03:11:41 p.m. IniciaWsApi
